Please be patient. Learning will take 5-20 minutes.
1000 inference calls
2000 inference calls
3000 inference calls
4000 inference calls
5000 inference calls
6000 inference calls
Results using only directional features for edges
Test accuracy: 0.829
[[2750    0    0    0    0    0    0    0    0    0    0]
 [   0   98    0    0    1    0    0    0    1    0    0]
 [   0    6   38    3   34    8    1    2    5    1    2]
 [   0    9    8   10    8   41    1   12    3    7    1]
 [   0    1   14    2   37    8    1    9   21    5    2]
 [   0    4    2    9   16   29    2   19   11    7    1]
 [   0    2   13    3   30   16    2    7   20    5    2]
 [   0    7    5    8   15   29    3   14    8   11    0]
 [   0    3   10    3   29   10    1    6   20    3   15]
 [   0    9    3    2   10    8    0   15    4   46    3]
 [   0    2    7    3    9    1    1    3    7    3   64]]
Training 1-slack dual structural SVM
iteration 0
cutting plane objective: 0.019872, primal objective 756.600000
iteration 1
new constraint too weak.
cutting plane objective: 0.038904, primal objective 462.213801
iteration 2
cutting plane objective: 0.039553, primal objective 15.695517
iteration 3
cutting plane objective: 0.135721, primal objective 499.742843
iteration 4
cutting plane objective: 0.141298, primal objective 18.615756
iteration 5
cutting plane objective: 0.180218, primal objective 517.912014
iteration 6
cutting plane objective: 0.200170, primal objective 51.516560
iteration 7
cutting plane objective: 0.217854, primal objective 336.931437
iteration 8
cutting plane objective: 0.233433, primal objective 46.977896
iteration 9
cutting plane objective: 0.265987, primal objective 281.416928
iteration 10
cutting plane objective: 0.293149, primal objective 33.545220
iteration 11
cutting plane objective: 0.310093, primal objective 308.614278
iteration 12
cutting plane objective: 0.331982, primal objective 47.636283
iteration 13
cutting plane objective: 0.396049, primal objective 286.505546
iteration 14
cutting plane objective: 0.421507, primal objective 32.833105
iteration 15
cutting plane objective: 0.447097, primal objective 325.530203
iteration 16
cutting plane objective: 0.471307, primal objective 61.175845
iteration 17
cutting plane objective: 0.538959, primal objective 286.387701
iteration 18
cutting plane objective: 0.553061, primal objective 54.961277
iteration 19
cutting plane objective: 0.732316, primal objective 276.671828
iteration 20
cutting plane objective: 0.765760, primal objective 83.412089
iteration 21
cutting plane objective: 0.850887, primal objective 77.632448
iteration 22
cutting plane objective: 0.905878, primal objective 59.206131
iteration 23
cutting plane objective: 1.042260, primal objective 278.294152
iteration 24
cutting plane objective: 1.070590, primal objective 76.604480
iteration 25
cutting plane objective: 1.123092, primal objective 49.977941
iteration 26
cutting plane objective: 1.271715, primal objective 331.240125
iteration 27
cutting plane objective: 1.286027, primal objective 53.541896
iteration 28
cutting plane objective: 1.617411, primal objective 377.967855
iteration 29
cutting plane objective: 1.798357, primal objective 79.846862
iteration 30
cutting plane objective: 2.082935, primal objective 304.828385
iteration 31
cutting plane objective: 2.675264, primal objective 117.951119
iteration 32
cutting plane objective: 2.844978, primal objective 64.758097
iteration 33
cutting plane objective: 3.287955, primal objective 342.055089
iteration 34
cutting plane objective: 3.388039, primal objective 88.711681
iteration 35
cutting plane objective: 3.721702, primal objective 74.197913
iteration 36
cutting plane objective: 4.063515, primal objective 408.218394
iteration 37
cutting plane objective: 4.404916, primal objective 96.404884
iteration 38
cutting plane objective: 4.493112, primal objective 388.749621
iteration 39
cutting plane objective: 4.629265, primal objective 80.523698
iteration 40
cutting plane objective: 4.908023, primal objective 180.172472
iteration 41
cutting plane objective: 5.047723, primal objective 69.013924
iteration 42
cutting plane objective: 5.314418, primal objective 74.058355
iteration 43
cutting plane objective: 5.548530, primal objective 67.863726
iteration 44
cutting plane objective: 5.701956, primal objective 53.170459
iteration 45
cutting plane objective: 5.857337, primal objective 50.467279
iteration 46
cutting plane objective: 5.971032, primal objective 57.336636
iteration 47
cutting plane objective: 6.049148, primal objective 46.686498
iteration 48
cutting plane objective: 6.310814, primal objective 193.970238
iteration 49
cutting plane objective: 6.594890, primal objective 53.553441
iteration 50
cutting plane objective: 6.817985, primal objective 61.540080
iteration 51
cutting plane objective: 6.905080, primal objective 53.958899
iteration 52
cutting plane objective: 6.996705, primal objective 50.189089
iteration 53
cutting plane objective: 7.238325, primal objective 134.945180
iteration 54
cutting plane objective: 7.359412, primal objective 57.380775
iteration 55
cutting plane objective: 7.533335, primal objective 52.485116
iteration 56
cutting plane objective: 7.671114, primal objective 50.081620
iteration 57
cutting plane objective: 7.764426, primal objective 55.497301
iteration 58
cutting plane objective: 7.879441, primal objective 50.653875
iteration 59
cutting plane objective: 7.948227, primal objective 45.092745
iteration 60
cutting plane objective: 8.022129, primal objective 43.754028
iteration 61
cutting plane objective: 8.086457, primal objective 39.429920
iteration 62
cutting plane objective: 8.143238, primal objective 117.167563
iteration 63
cutting plane objective: 8.311361, primal objective 51.726534
iteration 64
cutting plane objective: 8.382285, primal objective 45.834890
iteration 65
cutting plane objective: 8.445380, primal objective 40.064655
iteration 66
cutting plane objective: 8.515011, primal objective 37.831118
iteration 67
cutting plane objective: 8.617629, primal objective 36.393356
iteration 68
cutting plane objective: 8.681467, primal objective 34.840377
iteration 69
cutting plane objective: 8.976755, primal objective 110.674298
iteration 70
cutting plane objective: 9.246389, primal objective 61.375676
iteration 71
cutting plane objective: 9.668646, primal objective 59.305100
iteration 72
cutting plane objective: 9.875519, primal objective 57.280319
iteration 73
cutting plane objective: 10.027298, primal objective 56.104111
iteration 74
cutting plane objective: 10.214066, primal objective 49.943404
iteration 75
cutting plane objective: 10.348591, primal objective 42.373991
iteration 76
cutting plane objective: 10.360995, primal objective 46.056028
iteration 77
cutting plane objective: 10.490433, primal objective 35.739535
iteration 78
cutting plane objective: 10.660000, primal objective 92.701122
iteration 79
cutting plane objective: 10.897688, primal objective 54.777889
iteration 80
cutting plane objective: 11.086600, primal objective 53.689534
iteration 81
cutting plane objective: 11.141144, primal objective 54.034713
iteration 82
cutting plane objective: 11.284600, primal objective 42.644617
iteration 83
cutting plane objective: 11.380347, primal objective 48.407249
iteration 84
cutting plane objective: 11.416572, primal objective 44.132411
iteration 85
cutting plane objective: 11.571412, primal objective 34.961918
iteration 86
cutting plane objective: 11.704028, primal objective 38.640979
iteration 87
cutting plane objective: 11.784767, primal objective 38.241169
iteration 88
cutting plane objective: 11.830782, primal objective 41.310102
iteration 89
cutting plane objective: 11.872251, primal objective 35.710610
iteration 90
cutting plane objective: 11.970451, primal objective 29.776013
iteration 91
cutting plane objective: 12.042980, primal objective 70.255281
iteration 92
cutting plane objective: 12.321428, primal objective 47.621574
iteration 93
cutting plane objective: 12.434090, primal objective 54.820456
iteration 94
cutting plane objective: 12.545058, primal objective 44.277521
iteration 95
cutting plane objective: 12.579911, primal objective 50.366843
iteration 96
cutting plane objective: 12.703294, primal objective 42.584152
iteration 97
cutting plane objective: 12.814386, primal objective 44.675268
iteration 98
cutting plane objective: 12.877223, primal objective 41.281536
iteration 99
cutting plane objective: 12.921012, primal objective 37.439323
iteration 100
cutting plane objective: 12.998230, primal objective 35.289201
iteration 101
cutting plane objective: 13.071419, primal objective 36.749097
iteration 102
cutting plane objective: 13.140595, primal objective 31.122268
iteration 103
cutting plane objective: 13.238240, primal objective 31.039180
iteration 104
cutting plane objective: 13.274355, primal objective 32.384291
iteration 105
cutting plane objective: 13.342754, primal objective 27.726460
iteration 106
cutting plane objective: 13.378876, primal objective 56.737089
iteration 107
cutting plane objective: 13.513287, primal objective 45.070374
iteration 108
cutting plane objective: 13.668893, primal objective 45.242897
iteration 109
cutting plane objective: 13.772756, primal objective 42.252533
iteration 110
cutting plane objective: 13.848949, primal objective 38.421927
iteration 111
cutting plane objective: 13.918798, primal objective 32.979882
iteration 112
cutting plane objective: 14.014080, primal objective 35.216789
iteration 113
cutting plane objective: 14.062768, primal objective 41.931717
iteration 114
cutting plane objective: 14.129279, primal objective 30.476606
iteration 115
cutting plane objective: 14.199358, primal objective 32.496563
iteration 116
cutting plane objective: 14.255371, primal objective 31.287407
iteration 117
cutting plane objective: 14.313073, primal objective 31.771053
iteration 118
cutting plane objective: 14.332574, primal objective 30.729696
iteration 119
cutting plane objective: 14.366705, primal objective 26.617029
iteration 120
cutting plane objective: 14.403335, primal objective 27.628803
iteration 121
cutting plane objective: 14.429644, primal objective 28.567795
iteration 122
cutting plane objective: 14.469745, primal objective 27.639099
iteration 123
cutting plane objective: 14.490355, primal objective 25.586656
iteration 124
cutting plane objective: 14.504424, primal objective 24.510179
iteration 125
cutting plane objective: 14.516832, primal objective 38.118386
iteration 126
cutting plane objective: 14.742530, primal objective 39.861384
iteration 127
cutting plane objective: 14.906810, primal objective 39.531021
iteration 128
cutting plane objective: 14.964538, primal objective 39.741604
iteration 129
cutting plane objective: 15.066200, primal objective 33.027552
iteration 130
cutting plane objective: 15.173573, primal objective 36.010357
iteration 131
cutting plane objective: 15.244508, primal objective 32.454034
iteration 132
cutting plane objective: 15.307902, primal objective 32.142314
iteration 133
cutting plane objective: 15.370147, primal objective 33.227497
iteration 134
cutting plane objective: 15.435844, primal objective 29.290471
iteration 135
cutting plane objective: 15.455029, primal objective 29.740110
iteration 136
cutting plane objective: 15.487805, primal objective 26.241301
iteration 137
cutting plane objective: 15.530650, primal objective 26.389384
iteration 138
cutting plane objective: 15.559001, primal objective 29.019526
iteration 139
cutting plane objective: 15.578269, primal objective 27.657838
iteration 140
cutting plane objective: 15.591534, primal objective 25.981607
iteration 141
cutting plane objective: 15.605012, primal objective 27.118902
iteration 142
cutting plane objective: 15.626955, primal objective 25.609108
iteration 143
cutting plane objective: 15.676807, primal objective 25.950261
iteration 144
cutting plane objective: 15.704026, primal objective 24.426672
iteration 145
cutting plane objective: 15.729378, primal objective 24.653150
iteration 146
cutting plane objective: 15.759814, primal objective 24.408942
iteration 147
cutting plane objective: 15.783420, primal objective 23.747515
iteration 148
cutting plane objective: 15.796411, primal objective 23.745447
iteration 149
cutting plane objective: 15.813970, primal objective 22.341130
iteration 150
cutting plane objective: 15.827383, primal objective 21.512536
iteration 151
cutting plane objective: 15.857623, primal objective 40.008093
iteration 152
cutting plane objective: 16.112699, primal objective 41.946535
iteration 153
cutting plane objective: 16.240748, primal objective 42.477879
iteration 154
cutting plane objective: 16.415461, primal objective 36.934896
iteration 155
cutting plane objective: 16.529820, primal objective 34.629216
iteration 156
cutting plane objective: 16.589955, primal objective 36.567574
iteration 157
cutting plane objective: 16.693600, primal objective 31.592590
iteration 158
cutting plane objective: 16.791745, primal objective 31.562259
iteration 159
cutting plane objective: 16.844531, primal objective 30.922127
iteration 160
cutting plane objective: 16.882273, primal objective 32.110430
iteration 161
cutting plane objective: 16.926870, primal objective 27.542302
iteration 162
cutting plane objective: 16.972016, primal objective 29.909823
iteration 163
cutting plane objective: 16.992850, primal objective 31.024998
iteration 164
cutting plane objective: 17.023246, primal objective 28.302176
iteration 165
cutting plane objective: 17.068547, primal objective 27.389193
iteration 166
cutting plane objective: 17.098948, primal objective 26.376054
iteration 167
cutting plane objective: 17.123413, primal objective 25.140992
iteration 168
cutting plane objective: 17.145637, primal objective 25.293771
iteration 169
cutting plane objective: 17.160597, primal objective 24.891791
iteration 170
cutting plane objective: 17.182297, primal objective 24.854375
iteration 171
cutting plane objective: 17.206514, primal objective 24.229423
iteration 172
cutting plane objective: 17.227862, primal objective 24.138926
iteration 173
cutting plane objective: 17.239502, primal objective 23.948760
iteration 174
cutting plane objective: 17.256542, primal objective 23.679435
iteration 175
cutting plane objective: 17.269835, primal objective 24.211192
iteration 176
cutting plane objective: 17.288319, primal objective 22.446479
iteration 177
cutting plane objective: 17.311084, primal objective 35.034461
iteration 178
cutting plane objective: 17.584768, primal objective 41.303077
iteration 179
cutting plane objective: 17.730201, primal objective 45.557020
iteration 180
cutting plane objective: 17.857572, primal objective 40.515854
iteration 181
cutting plane objective: 17.931328, primal objective 37.035197
iteration 182
cutting plane objective: 18.020099, primal objective 33.692262
iteration 183
cutting plane objective: 18.094606, primal objective 34.565970
iteration 184
cutting plane objective: 18.157064, primal objective 33.558166
iteration 185
cutting plane objective: 18.223848, primal objective 32.875251
iteration 186
cutting plane objective: 18.274319, primal objective 30.253177
iteration 187
cutting plane objective: 18.321115, primal objective 30.265179
iteration 188
cutting plane objective: 18.361318, primal objective 29.046013
iteration 189
cutting plane objective: 18.392455, primal objective 27.982337
iteration 190
cutting plane objective: 18.423358, primal objective 29.604863
iteration 191
cutting plane objective: 18.457755, primal objective 27.372942
iteration 192
cutting plane objective: 18.488021, primal objective 26.884197
iteration 193
cutting plane objective: 18.509007, primal objective 28.104562
iteration 194
cutting plane objective: 18.530443, primal objective 25.625755
iteration 195
cutting plane objective: 18.550246, primal objective 28.297988
iteration 196
cutting plane objective: 18.579698, primal objective 25.486664
iteration 197
cutting plane objective: 18.600024, primal objective 25.889710
iteration 198
cutting plane objective: 18.611331, primal objective 26.601719
iteration 199
cutting plane objective: 18.631269, primal objective 24.391966
iteration 200
cutting plane objective: 18.651220, primal objective 24.362099
iteration 201
cutting plane objective: 18.662568, primal objective 24.995704
iteration 202
cutting plane objective: 18.674863, primal objective 24.783030
iteration 203
cutting plane objective: 18.689842, primal objective 24.238198
iteration 204
cutting plane objective: 18.703041, primal objective 23.189288
iteration 205
cutting plane objective: 18.715830, primal objective 23.246123
iteration 206
cutting plane objective: 18.723583, primal objective 23.362962
iteration 207
cutting plane objective: 18.734480, primal objective 22.584175
iteration 208
cutting plane objective: 18.743365, primal objective 27.858498
iteration 209
cutting plane objective: 18.905044, primal objective 36.345570
iteration 210
cutting plane objective: 19.015666, primal objective 36.723502
iteration 211
cutting plane objective: 19.083564, primal objective 33.532242
iteration 212
cutting plane objective: 19.154390, primal objective 32.651228
iteration 213
cutting plane objective: 19.208529, primal objective 31.088988
iteration 214
cutting plane objective: 19.262657, primal objective 29.947074
iteration 215
cutting plane objective: 19.292811, primal objective 30.141265
iteration 216
cutting plane objective: 19.336226, primal objective 27.883462
iteration 217
cutting plane objective: 19.368576, primal objective 28.155540
iteration 218
cutting plane objective: 19.396752, primal objective 28.576452
iteration 219
cutting plane objective: 19.430494, primal objective 27.383806
iteration 220
cutting plane objective: 19.451701, primal objective 27.277672
iteration 221
cutting plane objective: 19.481313, primal objective 27.606754
iteration 222
cutting plane objective: 19.507760, primal objective 26.099495
iteration 223
cutting plane objective: 19.527715, primal objective 27.356829
iteration 224
cutting plane objective: 19.538091, primal objective 26.129442
iteration 225
cutting plane objective: 19.558567, primal objective 25.426673
iteration 226
cutting plane objective: 19.572461, primal objective 25.768954
iteration 227
cutting plane objective: 19.590646, primal objective 24.653763
iteration 228
cutting plane objective: 19.612164, primal objective 25.222956
iteration 229
cutting plane objective: 19.624748, primal objective 25.107009
iteration 230
cutting plane objective: 19.636567, primal objective 24.838748
iteration 231
cutting plane objective: 19.645769, primal objective 23.729175
iteration 232
cutting plane objective: 19.653630, primal objective 24.007738
iteration 233
cutting plane objective: 19.663241, primal objective 23.591188
iteration 234
cutting plane objective: 19.672471, primal objective 23.541146
iteration 235
cutting plane objective: 19.678394, primal objective 23.703990
iteration 236
cutting plane objective: 19.688930, primal objective 23.197163
iteration 237
cutting plane objective: 19.696072, primal objective 23.777556
iteration 238
cutting plane objective: 19.701599, primal objective 23.344421
iteration 239
cutting plane objective: 19.709086, primal objective 22.861171
iteration 240
cutting plane objective: 19.715964, primal objective 22.718072
iteration 241
cutting plane objective: 19.720704, primal objective 22.759357
iteration 242
cutting plane objective: 19.724719, primal objective 22.488610
iteration 243
cutting plane objective: 19.728284, primal objective 22.090405
iteration 244
cutting plane objective: 19.731785, primal objective 21.893303
iteration 245
new constraint too weak.
no additional constraints
Switching to ad3 inference
iteration 246
cutting plane objective: 19.740518, primal objective 277.543643
iteration 247
cutting plane objective: 19.747216, primal objective 54.938903
iteration 248
cutting plane objective: 20.361410, primal objective 121.478774
iteration 249
cutting plane objective: 21.038496, primal objective 69.490816
iteration 250
cutting plane objective: 21.444008, primal objective 62.711182
iteration 251
cutting plane objective: 21.712583, primal objective 54.027282
iteration 252
cutting plane objective: 21.891889, primal objective 52.079547
iteration 253
cutting plane objective: 22.150648, primal objective 45.136568
iteration 254
cutting plane objective: 22.376458, primal objective 116.187744
iteration 255
cutting plane objective: 22.987750, primal objective 72.400185
iteration 256
cutting plane objective: 23.107620, primal objective 65.940528
iteration 257
cutting plane objective: 23.435505, primal objective 56.813426
iteration 258
cutting plane objective: 23.502455, primal objective 58.833499
iteration 259
cutting plane objective: 23.821033, primal objective 51.532771
iteration 260
cutting plane objective: 23.997264, primal objective 62.338774
iteration 261
cutting plane objective: 24.148997, primal objective 52.287887
iteration 262
cutting plane objective: 24.284673, primal objective 48.569832
iteration 263
cutting plane objective: 24.394759, primal objective 48.546630
iteration 264
cutting plane objective: 24.504855, primal objective 51.349970
iteration 265
cutting plane objective: 24.603537, primal objective 46.453357
iteration 266
cutting plane objective: 24.843374, primal objective 105.572554
iteration 267
cutting plane objective: 25.082067, primal objective 62.851719
iteration 268
cutting plane objective: 25.273329, primal objective 64.987973
iteration 269
cutting plane objective: 25.466227, primal objective 54.095038
iteration 270
cutting plane objective: 25.628534, primal objective 53.507269
iteration 271
cutting plane objective: 25.822553, primal objective 57.581414
iteration 272
cutting plane objective: 26.013074, primal objective 52.709686
iteration 273
cutting plane objective: 26.148908, primal objective 51.965542
iteration 274
cutting plane objective: 26.242762, primal objective 50.423732
iteration 275
cutting plane objective: 26.362973, primal objective 48.855360
iteration 276
cutting plane objective: 26.519640, primal objective 54.322950
iteration 277
cutting plane objective: 26.602421, primal objective 53.348782
iteration 278
cutting plane objective: 26.703987, primal objective 45.786819
iteration 279
cutting plane objective: 26.731452, primal objective 93.121500
iteration 280
cutting plane objective: 27.098968, primal objective 71.463749
iteration 281
cutting plane objective: 27.399831, primal objective 62.448015
iteration 282
cutting plane objective: 27.682632, primal objective 61.016739
iteration 283
cutting plane objective: 27.816397, primal objective 59.495245
iteration 284
cutting plane objective: 28.012931, primal objective 54.918061
iteration 285
cutting plane objective: 28.155126, primal objective 57.650078
iteration 286
cutting plane objective: 28.392132, primal objective 50.850739
iteration 287
cutting plane objective: 28.520658, primal objective 55.083307
iteration 288
cutting plane objective: 28.652725, primal objective 49.877599
iteration 289
cutting plane objective: 28.744848, primal objective 49.640668
iteration 290
cutting plane objective: 28.829915, primal objective 49.068535
iteration 291
cutting plane objective: 28.918603, primal objective 47.072560
iteration 292
cutting plane objective: 28.989226, primal objective 46.695790
iteration 293
cutting plane objective: 29.079261, primal objective 44.057642
iteration 294
cutting plane objective: 29.291114, primal objective 89.243532
iteration 295
cutting plane objective: 29.647958, primal objective 61.806888
iteration 296
cutting plane objective: 29.806036, primal objective 64.504411
iteration 297
cutting plane objective: 30.056655, primal objective 59.201594
iteration 298
cutting plane objective: 30.247216, primal objective 58.934001
iteration 299
cutting plane objective: 30.426310, primal objective 55.889184
iteration 300
cutting plane objective: 30.458525, primal objective 57.865813
iteration 301
cutting plane objective: 30.676319, primal objective 52.853986
iteration 302
cutting plane objective: 30.843012, primal objective 54.264329
iteration 303
cutting plane objective: 30.937745, primal objective 52.415248
iteration 304
cutting plane objective: 31.029548, primal objective 48.875741
iteration 305
cutting plane objective: 31.126341, primal objective 49.935645
iteration 306
cutting plane objective: 31.240662, primal objective 49.935390
iteration 307
cutting plane objective: 31.343540, primal objective 47.717134
iteration 308
cutting plane objective: 31.384021, primal objective 51.343821
iteration 309
cutting plane objective: 31.473540, primal objective 45.930987
iteration 310
cutting plane objective: 31.487228, primal objective 86.132179
iteration 311
cutting plane objective: 31.656760, primal objective 61.487181
iteration 312
cutting plane objective: 31.719132, primal objective 58.682933
iteration 313
cutting plane objective: 31.881288, primal objective 53.707593
iteration 314
cutting plane objective: 31.996094, primal objective 57.868450
iteration 315
cutting plane objective: 32.119040, primal objective 52.627828
iteration 316
cutting plane objective: 32.243279, primal objective 50.777363
iteration 317
cutting plane objective: 32.329802, primal objective 50.779353
iteration 318
cutting plane objective: 32.428452, primal objective 51.325226
iteration 319
cutting plane objective: 32.511702, primal objective 49.883232
iteration 320
cutting plane objective: 32.579997, primal objective 47.836306
iteration 321
cutting plane objective: 32.667324, primal objective 48.235687
iteration 322
cutting plane objective: 32.741056, primal objective 46.481267
iteration 323
cutting plane objective: 32.826191, primal objective 46.180131
iteration 324
cutting plane objective: 33.034644, primal objective 73.766742
iteration 325
cutting plane objective: 33.209126, primal objective 59.665062
iteration 326
cutting plane objective: 33.434830, primal objective 56.831227
iteration 327
cutting plane objective: 33.621972, primal objective 57.451114
iteration 328
cutting plane objective: 33.804584, primal objective 55.363451
iteration 329
cutting plane objective: 33.966614, primal objective 55.333321
iteration 330
cutting plane objective: 34.131394, primal objective 51.171930
iteration 331
cutting plane objective: 34.269898, primal objective 57.708789
iteration 332
cutting plane objective: 34.369885, primal objective 53.707698
iteration 333
cutting plane objective: 34.458461, primal objective 52.377899
iteration 334
cutting plane objective: 34.552755, primal objective 48.512908
iteration 335
cutting plane objective: 34.580638, primal objective 50.377465
iteration 336
cutting plane objective: 34.669584, primal objective 48.070365
iteration 337
cutting plane objective: 34.755923, primal objective 50.421221
iteration 338
cutting plane objective: 34.831442, primal objective 49.169683
iteration 339
cutting plane objective: 34.876186, primal objective 49.632812
iteration 340
cutting plane objective: 34.925525, primal objective 47.777317
iteration 341
cutting plane objective: 34.998525, primal objective 48.162106
iteration 342
cutting plane objective: 35.045553, primal objective 48.133287
iteration 343
cutting plane objective: 35.109015, primal objective 46.819500
iteration 344
cutting plane objective: 35.155711, primal objective 47.051436
iteration 345
cutting plane objective: 35.196735, primal objective 46.700018
iteration 346
cutting plane objective: 35.237797, primal objective 46.838492
iteration 347
cutting plane objective: 35.283779, primal objective 45.326752
iteration 348
cutting plane objective: 35.521891, primal objective 66.524296
iteration 349
cutting plane objective: 35.703803, primal objective 57.333080
iteration 350
cutting plane objective: 35.906799, primal objective 57.657687
iteration 351
cutting plane objective: 36.053958, primal objective 56.031346
iteration 352
cutting plane objective: 36.234934, primal objective 53.636153
iteration 353
cutting plane objective: 36.341414, primal objective 56.332082
iteration 354
cutting plane objective: 36.444964, primal objective 57.935026
iteration 355
cutting plane objective: 36.576880, primal objective 54.762486
iteration 356
cutting plane objective: 36.688919, primal objective 53.735584
iteration 357
cutting plane objective: 36.791099, primal objective 52.126281
iteration 358
cutting plane objective: 36.876112, primal objective 52.289686
iteration 359
cutting plane objective: 36.963208, primal objective 51.147145
iteration 360
cutting plane objective: 37.069543, primal objective 51.356811
iteration 361
cutting plane objective: 37.151586, primal objective 50.997177
iteration 362
cutting plane objective: 37.225636, primal objective 51.757264
iteration 363
cutting plane objective: 37.291856, primal objective 49.725274
iteration 364
cutting plane objective: 37.365054, primal objective 49.165327
iteration 365
cutting plane objective: 37.421455, primal objective 49.549253
iteration 366
cutting plane objective: 37.469833, primal objective 49.931493
iteration 367
cutting plane objective: 37.521295, primal objective 48.917906
iteration 368
cutting plane objective: 37.567162, primal objective 48.168400
iteration 369
cutting plane objective: 37.609989, primal objective 48.139434
iteration 370
cutting plane objective: 37.645404, primal objective 48.323373
iteration 371
cutting plane objective: 37.685027, primal objective 47.586412
iteration 372
cutting plane objective: 37.717919, primal objective 46.849012
iteration 373
cutting plane objective: 37.746205, primal objective 47.012826
iteration 374
cutting plane objective: 37.777056, primal objective 45.795802
iteration 375
cutting plane objective: 37.808104, primal objective 46.826427
iteration 376
cutting plane objective: 37.842631, primal objective 45.563177
iteration 377
cutting plane objective: 37.997031, primal objective 61.741652
iteration 378
cutting plane objective: 38.137114, primal objective 55.231201
iteration 379
cutting plane objective: 38.264639, primal objective 55.323326
iteration 380
cutting plane objective: 38.351852, primal objective 54.159588
iteration 381
cutting plane objective: 38.453961, primal objective 51.830719
iteration 382
cutting plane objective: 38.526402, primal objective 51.557095
iteration 383
cutting plane objective: 38.610734, primal objective 50.903091
iteration 384
cutting plane objective: 38.694956, primal objective 50.175441
iteration 385
cutting plane objective: 38.750461, primal objective 50.390575
iteration 386
cutting plane objective: 38.816428, primal objective 51.087793
iteration 387
cutting plane objective: 38.824463, primal objective 51.954340
iteration 388
cutting plane objective: 38.889279, primal objective 49.381607
iteration 389
cutting plane objective: 38.967133, primal objective 49.591135
iteration 390
cutting plane objective: 39.043220, primal objective 49.431823
iteration 391
cutting plane objective: 39.090282, primal objective 50.580487
iteration 392
cutting plane objective: 39.135705, primal objective 48.619329
iteration 393
cutting plane objective: 39.187507, primal objective 48.549039
iteration 394
cutting plane objective: 39.237645, primal objective 48.028908
iteration 395
cutting plane objective: 39.284517, primal objective 47.051863
iteration 396
cutting plane objective: 39.330745, primal objective 47.560238
iteration 397
cutting plane objective: 39.370100, primal objective 47.788802
iteration 398
cutting plane objective: 39.413633, primal objective 48.595372
iteration 399
cutting plane objective: 39.451676, primal objective 47.401479
iteration 400
cutting plane objective: 39.478350, primal objective 47.452649
iteration 401
cutting plane objective: 39.508271, primal objective 46.320363
iteration 402
cutting plane objective: 39.524614, primal objective 46.207101
iteration 403
cutting plane objective: 39.548567, primal objective 45.610274
iteration 404
cutting plane objective: 39.567947, primal objective 45.565967
iteration 405
cutting plane objective: 39.587765, primal objective 45.167604
iteration 406
cutting plane objective: 39.621460, primal objective 61.499869
iteration 407
cutting plane objective: 39.735177, primal objective 54.311566
iteration 408
cutting plane objective: 39.818411, primal objective 54.185205
iteration 409
cutting plane objective: 39.893787, primal objective 52.326498
iteration 410
cutting plane objective: 39.966651, primal objective 51.457569
iteration 411
cutting plane objective: 40.025227, primal objective 50.526348
iteration 412
cutting plane objective: 40.085008, primal objective 50.640769
iteration 413
cutting plane objective: 40.138749, primal objective 49.923707
iteration 414
cutting plane objective: 40.172139, primal objective 49.880886
iteration 415
cutting plane objective: 40.207032, primal objective 49.401324
iteration 416
cutting plane objective: 40.248986, primal objective 49.255515
iteration 417
cutting plane objective: 40.274022, primal objective 48.799770
iteration 418
cutting plane objective: 40.317236, primal objective 48.471938
iteration 419
cutting plane objective: 40.362521, primal objective 48.426364
iteration 420
cutting plane objective: 40.408769, primal objective 49.336856
iteration 421
cutting plane objective: 40.444401, primal objective 48.638279
iteration 422
cutting plane objective: 40.478940, primal objective 47.433494
iteration 423
cutting plane objective: 40.511180, primal objective 48.186916
iteration 424
cutting plane objective: 40.546595, primal objective 47.210720
iteration 425
cutting plane objective: 40.572901, primal objective 48.165288
iteration 426
cutting plane objective: 40.611206, primal objective 47.359289
iteration 427
cutting plane objective: 40.638771, primal objective 47.727217
iteration 428
cutting plane objective: 40.670389, primal objective 46.671290
iteration 429
cutting plane objective: 40.696643, primal objective 47.097754
iteration 430
cutting plane objective: 40.717111, primal objective 46.605956
iteration 431
cutting plane objective: 40.745395, primal objective 46.562990
iteration 432
cutting plane objective: 40.765295, primal objective 46.562799
iteration 433
cutting plane objective: 40.787529, primal objective 45.675705
iteration 434
cutting plane objective: 40.896790, primal objective 57.064382
iteration 435
cutting plane objective: 40.984176, primal objective 53.717002
iteration 436
cutting plane objective: 41.055439, primal objective 51.564877
iteration 437
cutting plane objective: 41.121984, primal objective 50.882540
iteration 438
cutting plane objective: 41.182713, primal objective 52.106853
iteration 439
cutting plane objective: 41.240129, primal objective 51.884299
iteration 440
cutting plane objective: 41.314679, primal objective 52.423110
iteration 441
cutting plane objective: 41.366143, primal objective 51.175604
iteration 442
cutting plane objective: 41.415077, primal objective 51.068580
iteration 443
cutting plane objective: 41.453352, primal objective 50.806076
iteration 444
cutting plane objective: 41.511131, primal objective 50.004755
iteration 445
cutting plane objective: 41.557386, primal objective 50.560701
iteration 446
cutting plane objective: 41.605809, primal objective 49.436283
iteration 447
cutting plane objective: 41.648209, primal objective 49.520643
iteration 448
cutting plane objective: 41.676554, primal objective 50.325978
iteration 449
cutting plane objective: 41.718070, primal objective 48.442864
iteration 450
cutting plane objective: 41.744915, primal objective 49.775659
iteration 451
cutting plane objective: 41.767760, primal objective 48.555874
iteration 452
cutting plane objective: 41.800355, primal objective 48.567181
iteration 453
cutting plane objective: 41.830157, primal objective 48.108429
iteration 454
cutting plane objective: 41.860966, primal objective 47.891200
iteration 455
cutting plane objective: 41.881486, primal objective 48.410518
iteration 456
cutting plane objective: 41.903566, primal objective 48.465374
iteration 457
cutting plane objective: 41.927494, primal objective 47.537310
iteration 458
cutting plane objective: 41.952757, primal objective 47.963777
iteration 459
cutting plane objective: 41.980442, primal objective 48.113021
iteration 460
cutting plane objective: 41.996905, primal objective 48.025304
iteration 461
cutting plane objective: 42.025225, primal objective 47.569929
iteration 462
cutting plane objective: 42.044505, primal objective 47.512155
iteration 463
cutting plane objective: 42.064035, primal objective 47.448036
iteration 464
cutting plane objective: 42.084959, primal objective 46.845952
iteration 465
cutting plane objective: 42.100841, primal objective 47.224497
iteration 466
cutting plane objective: 42.116083, primal objective 47.052681
iteration 467
cutting plane objective: 42.132631, primal objective 46.514931
iteration 468
cutting plane objective: 42.145579, primal objective 46.840112
iteration 469
cutting plane objective: 42.163848, primal objective 46.682447
iteration 470
cutting plane objective: 42.179220, primal objective 46.583182
iteration 471
cutting plane objective: 42.192965, primal objective 46.752422
iteration 472
cutting plane objective: 42.205050, primal objective 46.690550
iteration 473
cutting plane objective: 42.217534, primal objective 46.582640
iteration 474
cutting plane objective: 42.227564, primal objective 46.342950
iteration 475
cutting plane objective: 42.241381, primal objective 46.026060
iteration 476
cutting plane objective: 42.312613, primal objective 55.306993
iteration 477
cutting plane objective: 42.361664, primal objective 51.641100
iteration 478
cutting plane objective: 42.425387, primal objective 49.840399
iteration 479
cutting plane objective: 42.470515, primal objective 49.693245
iteration 480
cutting plane objective: 42.513243, primal objective 50.136865
iteration 481
cutting plane objective: 42.555074, primal objective 50.914155
iteration 482
cutting plane objective: 42.592809, primal objective 49.228776
iteration 483
cutting plane objective: 42.631904, primal objective 49.165645
iteration 484
cutting plane objective: 42.670521, primal objective 48.968778
iteration 485
cutting plane objective: 42.698786, primal objective 49.238600
iteration 486
cutting plane objective: 42.721514, primal objective 48.725163
iteration 487
cutting plane objective: 42.745387, primal objective 48.035692
iteration 488
cutting plane objective: 42.775211, primal objective 48.432481
iteration 489
cutting plane objective: 42.801522, primal objective 48.370978
iteration 490
cutting plane objective: 42.824307, primal objective 48.124140
iteration 491
cutting plane objective: 42.844942, primal objective 48.363060
iteration 492
cutting plane objective: 42.863712, primal objective 47.864942
iteration 493
cutting plane objective: 42.887789, primal objective 47.647711
iteration 494
cutting plane objective: 42.910830, primal objective 47.773211
iteration 495
cutting plane objective: 42.931775, primal objective 47.918808
iteration 496
cutting plane objective: 42.951648, primal objective 47.806290
iteration 497
cutting plane objective: 42.972117, primal objective 47.514832
iteration 498
cutting plane objective: 42.992297, primal objective 47.612411
iteration 499
cutting plane objective: 43.010329, primal objective 47.234518
iteration 500
cutting plane objective: 43.025491, primal objective 47.310092
iteration 501
cutting plane objective: 43.037983, primal objective 47.098889
iteration 502
cutting plane objective: 43.049242, primal objective 47.304889
iteration 503
cutting plane objective: 43.061689, primal objective 46.723948
iteration 504
cutting plane objective: 43.075889, primal objective 47.050410
iteration 505
cutting plane objective: 43.089906, primal objective 47.480244
iteration 506
cutting plane objective: 43.100336, primal objective 46.807853
iteration 507
cutting plane objective: 43.108938, primal objective 46.767303
iteration 508
cutting plane objective: 43.121109, primal objective 46.369990
iteration 509
cutting plane objective: 43.130531, primal objective 46.530540
iteration 510
cutting plane objective: 43.141865, primal objective 46.419028
iteration 511
cutting plane objective: 43.154182, primal objective 46.617030
iteration 512
cutting plane objective: 43.164501, primal objective 46.558451
iteration 513
cutting plane objective: 43.174198, primal objective 46.807876
iteration 514
cutting plane objective: 43.183043, primal objective 46.260739
iteration 515
cutting plane objective: 43.223603, primal objective 52.834861
iteration 516
cutting plane objective: 43.273979, primal objective 50.375055
iteration 517
cutting plane objective: 43.311721, primal objective 50.707909
iteration 518
cutting plane objective: 43.352673, primal objective 49.640318
iteration 519
cutting plane objective: 43.384107, primal objective 49.918813
iteration 520
cutting plane objective: 43.416465, primal objective 49.274893
iteration 521
cutting plane objective: 43.452441, primal objective 49.272775
iteration 522
cutting plane objective: 43.481801, primal objective 49.240485
iteration 523
cutting plane objective: 43.505703, primal objective 49.058759
iteration 524
cutting plane objective: 43.530733, primal objective 48.450409
iteration 525
cutting plane objective: 43.547577, primal objective 49.038355
iteration 526
cutting plane objective: 43.575319, primal objective 48.581374
iteration 527
cutting plane objective: 43.595171, primal objective 48.054213
iteration 528
cutting plane objective: 43.607938, primal objective 47.912996
iteration 529
cutting plane objective: 43.626134, primal objective 47.450004
iteration 530
cutting plane objective: 43.646514, primal objective 47.995381
iteration 531
cutting plane objective: 43.667569, primal objective 48.085065
iteration 532
cutting plane objective: 43.686676, primal objective 48.007830
iteration 533
cutting plane objective: 43.712646, primal objective 48.249849
iteration 534
cutting plane objective: 43.730066, primal objective 48.326927
iteration 535
cutting plane objective: 43.745561, primal objective 47.714256
iteration 536
cutting plane objective: 43.758292, primal objective 47.529434
iteration 537
cutting plane objective: 43.771064, primal objective 47.570419
iteration 538
cutting plane objective: 43.785719, primal objective 47.435847
iteration 539
cutting plane objective: 43.798947, primal objective 47.243962
iteration 540
cutting plane objective: 43.810558, primal objective 47.571412
iteration 541
cutting plane objective: 43.823964, primal objective 47.598628
iteration 542
cutting plane objective: 43.834684, primal objective 47.086703
iteration 543
cutting plane objective: 43.847696, primal objective 47.442380
iteration 544
cutting plane objective: 43.857997, primal objective 46.727770
iteration 545
cutting plane objective: 43.865595, primal objective 46.705302
iteration 546
cutting plane objective: 43.872454, primal objective 47.118972
iteration 547
cutting plane objective: 43.880550, primal objective 46.706461
iteration 548
cutting plane objective: 43.884495, primal objective 46.795411
iteration 549
cutting plane objective: 43.893036, primal objective 46.387726
iteration 550
cutting plane objective: 43.901140, primal objective 46.835442
iteration 551
cutting plane objective: 43.909026, primal objective 46.766550
iteration 552
cutting plane objective: 43.917524, primal objective 46.662896
iteration 553
cutting plane objective: 43.927945, primal objective 46.469632
iteration 554
cutting plane objective: 43.936893, primal objective 46.422914
iteration 555
cutting plane objective: 43.944849, primal objective 46.635197
iteration 556
cutting plane objective: 43.951799, primal objective 46.530667
iteration 557
cutting plane objective: 43.960817, primal objective 46.385541
iteration 558
cutting plane objective: 43.968528, primal objective 46.625885
iteration 559
cutting plane objective: 43.973768, primal objective 46.288062
iteration 560
cutting plane objective: 43.993339, primal objective 52.113207
iteration 561
cutting plane objective: 44.025552, primal objective 49.554422
iteration 562
cutting plane objective: 44.051588, primal objective 49.119559
iteration 563
cutting plane objective: 44.077695, primal objective 49.130734
iteration 564
cutting plane objective: 44.102586, primal objective 48.926756
iteration 565
cutting plane objective: 44.115489, primal objective 48.387668
iteration 566
cutting plane objective: 44.128857, primal objective 48.022978
iteration 567
cutting plane objective: 44.142789, primal objective 47.998367
iteration 568
cutting plane objective: 44.157361, primal objective 47.559019
iteration 569
cutting plane objective: 44.172283, primal objective 48.233456
iteration 570
cutting plane objective: 44.184643, primal objective 48.208925
iteration 571
cutting plane objective: 44.196357, primal objective 47.906139
iteration 572
cutting plane objective: 44.212569, primal objective 48.087980
iteration 573
cutting plane objective: 44.223039, primal objective 47.721440
iteration 574
cutting plane objective: 44.233750, primal objective 47.686926
iteration 575
cutting plane objective: 44.248568, primal objective 47.455357
iteration 576
cutting plane objective: 44.261516, primal objective 47.728046
iteration 577
cutting plane objective: 44.272153, primal objective 47.088333
iteration 578
cutting plane objective: 44.283592, primal objective 47.423833
iteration 579
cutting plane objective: 44.294738, primal objective 47.352999
iteration 580
cutting plane objective: 44.304950, primal objective 47.232698
iteration 581
cutting plane objective: 44.313504, primal objective 47.240919
iteration 582
cutting plane objective: 44.323404, primal objective 47.267722
iteration 583
cutting plane objective: 44.332864, primal objective 47.208191
iteration 584
cutting plane objective: 44.341748, primal objective 47.153929
iteration 585
cutting plane objective: 44.348483, primal objective 46.898137
iteration 586
cutting plane objective: 44.354968, primal objective 47.082592
iteration 587
cutting plane objective: 44.360294, primal objective 46.801816
iteration 588
cutting plane objective: 44.366586, primal objective 46.988810
iteration 589
cutting plane objective: 44.372775, primal objective 46.582295
iteration 590
cutting plane objective: 44.378990, primal objective 46.541389
iteration 591
cutting plane objective: 44.383805, primal objective 46.531858
iteration 592
cutting plane objective: 44.389199, primal objective 46.523805
iteration 593
cutting plane objective: 44.394177, primal objective 46.528430
iteration 594
cutting plane objective: 44.400049, primal objective 46.440173
iteration 595
cutting plane objective: 44.404562, primal objective 46.548270
iteration 596
cutting plane objective: 44.408784, primal objective 46.470540
iteration 597
new constraint too weak.
cutting plane objective: 44.439824, primal objective 49.378301
iteration 598
cutting plane objective: 44.465954, primal objective 48.777049
iteration 599
cutting plane objective: 44.485542, primal objective 48.678252
iteration 600
cutting plane objective: 44.504180, primal objective 48.610474
iteration 601
cutting plane objective: 44.524295, primal objective 48.249795
iteration 602
cutting plane objective: 44.542621, primal objective 48.091666
iteration 603
cutting plane objective: 44.557350, primal objective 47.969619
iteration 604
cutting plane objective: 44.568825, primal objective 48.322974
iteration 605
cutting plane objective: 44.583878, primal objective 47.837242
iteration 606
cutting plane objective: 44.598342, primal objective 47.607253
iteration 607
cutting plane objective: 44.605554, primal objective 48.060459
iteration 608
cutting plane objective: 44.617795, primal objective 47.753131
iteration 609
cutting plane objective: 44.625449, primal objective 47.354934
iteration 610
cutting plane objective: 44.632955, primal objective 47.320574
iteration 611
cutting plane objective: 44.640633, primal objective 47.440613
iteration 612
cutting plane objective: 44.649716, primal objective 47.495059
iteration 613
cutting plane objective: 44.659672, primal objective 47.470130
iteration 614
cutting plane objective: 44.666983, primal objective 47.241963
iteration 615
cutting plane objective: 44.676545, primal objective 47.058892
iteration 616
cutting plane objective: 44.685557, primal objective 47.285583
iteration 617
cutting plane objective: 44.693247, primal objective 47.287941
iteration 618
cutting plane objective: 44.701508, primal objective 47.030915
iteration 619
cutting plane objective: 44.707170, primal objective 47.163261
iteration 620
cutting plane objective: 44.713266, primal objective 46.969104
iteration 621
cutting plane objective: 44.719528, primal objective 46.832278
iteration 622
cutting plane objective: 44.725387, primal objective 46.922858
iteration 623
cutting plane objective: 44.730540, primal objective 46.786663
iteration 624
cutting plane objective: 44.736461, primal objective 46.825526
iteration 625
new constraint too weak.
cutting plane objective: 44.752083, primal objective 48.774799
iteration 626
cutting plane objective: 44.769423, primal objective 47.997275
iteration 627
cutting plane objective: 44.781747, primal objective 48.072543
iteration 628
cutting plane objective: 44.792405, primal objective 48.082034
iteration 629
cutting plane objective: 44.800988, primal objective 47.803370
iteration 630
cutting plane objective: 44.809933, primal objective 47.634412
iteration 631
cutting plane objective: 44.818328, primal objective 47.418097
iteration 632
cutting plane objective: 44.828383, primal objective 47.606751
iteration 633
cutting plane objective: 44.836258, primal objective 47.652823
iteration 634
cutting plane objective: 44.844533, primal objective 47.365089
iteration 635
cutting plane objective: 44.853619, primal objective 47.478129
iteration 636
cutting plane objective: 44.861697, primal objective 47.460959
iteration 637
cutting plane objective: 44.868637, primal objective 47.316038
iteration 638
cutting plane objective: 44.874854, primal objective 47.381950
iteration 639
cutting plane objective: 44.880335, primal objective 47.204120
iteration 640
cutting plane objective: 44.885732, primal objective 47.162493
iteration 641
cutting plane objective: 44.891993, primal objective 47.156626
iteration 642
cutting plane objective: 44.899067, primal objective 47.096594
iteration 643
cutting plane objective: 44.903889, primal objective 47.100602
iteration 644
cutting plane objective: 44.909042, primal objective 47.210688
iteration 645
cutting plane objective: 44.915139, primal objective 46.956284
iteration 646
new constraint too weak.
cutting plane objective: 44.926472, primal objective 48.027930
iteration 647
cutting plane objective: 44.936515, primal objective 47.775455
iteration 648
cutting plane objective: 44.946557, primal objective 47.596100
iteration 649
cutting plane objective: 44.952651, primal objective 47.689936
iteration 650
cutting plane objective: 44.961395, primal objective 47.532969
iteration 651
cutting plane objective: 44.968138, primal objective 47.631642
iteration 652
cutting plane objective: 44.975903, primal objective 47.541158
iteration 653
cutting plane objective: 44.982206, primal objective 47.445009
iteration 654
cutting plane objective: 44.990649, primal objective 47.330042
iteration 655
cutting plane objective: 44.998674, primal objective 47.453943
iteration 656
cutting plane objective: 45.003591, primal objective 47.411593
iteration 657
cutting plane objective: 45.010570, primal objective 47.479892
iteration 658
cutting plane objective: 45.016379, primal objective 47.154594
iteration 659
cutting plane objective: 45.021874, primal objective 47.108300
iteration 660
cutting plane objective: 45.027322, primal objective 47.188755
iteration 661
new constraint too weak.
cutting plane objective: 45.036116, primal objective 47.617069
iteration 662
cutting plane objective: 45.043593, primal objective 47.304272
iteration 663
cutting plane objective: 45.051923, primal objective 47.455887
iteration 664
cutting plane objective: 45.059136, primal objective 47.647937
iteration 665
cutting plane objective: 45.065383, primal objective 47.422196
iteration 666
cutting plane objective: 45.071971, primal objective 47.212878
iteration 667
cutting plane objective: 45.077455, primal objective 47.131600
iteration 668
cutting plane objective: 45.084012, primal objective 47.224766
iteration 669
cutting plane objective: 45.089605, primal objective 47.136758
iteration 670
cutting plane objective: 45.095178, primal objective 47.146985
iteration 671
cutting plane objective: 45.100633, primal objective 47.098961
iteration 672
new constraint too weak.
cutting plane objective: 45.107283, primal objective 47.520703
iteration 673
cutting plane objective: 45.114744, primal objective 47.407076
iteration 674
cutting plane objective: 45.121579, primal objective 47.343884
iteration 675
cutting plane objective: 45.128382, primal objective 47.341440
iteration 676
cutting plane objective: 45.132699, primal objective 47.271365
iteration 677
new constraint too weak.
cutting plane objective: 45.140261, primal objective 47.569480
iteration 678
cutting plane objective: 45.147898, primal objective 47.665761
iteration 679
cutting plane objective: 45.157485, primal objective 47.479075
iteration 680
cutting plane objective: 45.165177, primal objective 47.632770
iteration 681
cutting plane objective: 45.172476, primal objective 47.618447
iteration 682
cutting plane objective: 45.180181, primal objective 47.720736
iteration 683
cutting plane objective: 45.188574, primal objective 47.561174
iteration 684
cutting plane objective: 45.197416, primal objective 47.773228
iteration 685
cutting plane objective: 45.205932, primal objective 47.471479
iteration 686
cutting plane objective: 45.213801, primal objective 47.935943
iteration 687
cutting plane objective: 45.222835, primal objective 47.769860
iteration 688
cutting plane objective: 45.230366, primal objective 47.583348
iteration 689
cutting plane objective: 45.237364, primal objective 47.766477
iteration 690
cutting plane objective: 45.244965, primal objective 47.582993
iteration 691
cutting plane objective: 45.251357, primal objective 47.698541
iteration 692
cutting plane objective: 45.258899, primal objective 47.520509
iteration 693
cutting plane objective: 45.267206, primal objective 47.326435
iteration 694
cutting plane objective: 45.274819, primal objective 47.748319
iteration 695
cutting plane objective: 45.282694, primal objective 47.733576
iteration 696
cutting plane objective: 45.288299, primal objective 47.558968
iteration 697
cutting plane objective: 45.295173, primal objective 47.373888
iteration 698
new constraint too weak.
cutting plane objective: 45.301986, primal objective 47.565159
iteration 699
cutting plane objective: 45.308397, primal objective 47.657055
iteration 700
cutting plane objective: 45.316628, primal objective 47.775878
iteration 701
cutting plane objective: 45.326118, primal objective 47.540368
iteration 702
cutting plane objective: 45.331291, primal objective 47.741623
iteration 703
cutting plane objective: 45.338424, primal objective 47.530808
iteration 704
cutting plane objective: 45.343557, primal objective 47.662534
iteration 705
cutting plane objective: 45.349114, primal objective 47.360803
iteration 706
cutting plane objective: 45.355668, primal objective 47.373585
iteration 707
cutting plane objective: 45.361184, primal objective 47.398588
iteration 708
cutting plane objective: 45.367670, primal objective 47.382663
iteration 709
cutting plane objective: 45.374293, primal objective 47.371971
iteration 710
cutting plane objective: 45.379615, primal objective 47.520312
iteration 711
cutting plane objective: 45.384749, primal objective 47.428997
iteration 712
new constraint too weak.
cutting plane objective: 45.389687, primal objective 47.520781
iteration 713
new constraint too weak.
new constraint too weak.
no additional constraints
final primal objective: 47.218747 gap: 1.829060
Results using also input features for edges
Test accuracy: 0.996
[[2749    0    0    0    0    0    0    0    1    0    0]
 [   0  100    0    0    0    0    0    0    0    0    0]
 [   0    0  100    0    0    0    0    0    0    0    0]
 [   0    0    0  100    0    0    0    0    0    0    0]
 [   0    0    0    0   98    0    1    0    1    0    0]
 [   0    0    0    2    0   98    0    0    0    0    0]
 [   0    0    0    0    2    0   98    0    0    0    0]
 [   0    1    0    0    0    2    0   97    0    0    0]
 [   0    0    1    0    0    0    1    0   98    0    0]
 [   0    0    0    1    0    0    0    0    0   99    0]
 [   0    0    0    0    1    0    0    0    0    0   99]]
