Please be patient. Learning will take 5-20 minutes.
NCELL= 10
ADDING PICTURE WIHOUT SNAKES!!!   200 elements in train
	- DISCARDING a shuffled snake which is still a snake!!!!
	- DISCARDING a shuffled snake which is still a snake!!!!
	- DISCARDING a shuffled snake which is still a snake!!!!
	- DISCARDING a shuffled snake which is still a snake!!!!
	- DISCARDING a shuffled snake which is still a snake!!!!
	- DISCARDING a shuffled snake which is still a snake!!!!
	- DISCARDING a shuffled snake which is still a snake!!!!
	- DISCARDING a shuffled snake which is still a snake!!!!
	- DISCARDING a shuffled snake which is still a snake!!!!
	- DISCARDING a shuffled snake which is still a snake!!!!
	- DISCARDING a shuffled snake which is still a snake!!!!
	- DISCARDING a shuffled snake which is still a snake!!!!
	- DISCARDING a shuffled snake which is still a snake!!!!
	- DISCARDING a shuffled snake which is still a snake!!!!
	- DISCARDING a shuffled snake which is still a snake!!!!
	- DISCARDING a shuffled snake which is still a snake!!!!
	- DISCARDING a shuffled snake which is still a snake!!!!
	- DISCARDING a shuffled snake which is still a snake!!!!
	- DISCARDING a shuffled snake which is still a snake!!!!
	- DISCARDING a shuffled snake which is still a snake!!!!
	- DISCARDING a shuffled snake which is still a snake!!!!
	- DISCARDING a shuffled snake which is still a snake!!!!
	- DISCARDING a shuffled snake which is still a snake!!!!
	- DISCARDING a shuffled snake which is still a snake!!!!
376 picture for training
ADDING PICTURE WIHOUT SNAKES!!!   100 elements in test
	- DISCARDING a shuffled snake which is still a snake!!!!
	- DISCARDING a shuffled snake which is still a snake!!!!
	- DISCARDING a shuffled snake which is still a snake!!!!
	- DISCARDING a shuffled snake which is still a snake!!!!
	- DISCARDING a shuffled snake which is still a snake!!!!
	- DISCARDING a shuffled snake which is still a snake!!!!
	- DISCARDING a shuffled snake which is still a snake!!!!
	- DISCARDING a shuffled snake which is still a snake!!!!
	- DISCARDING a shuffled snake which is still a snake!!!!
	- DISCARDING a shuffled snake which is still a snake!!!!
	- DISCARDING a shuffled snake which is still a snake!!!!
	- DISCARDING a shuffled snake which is still a snake!!!!
	- DISCARDING a shuffled snake which is still a snake!!!!
187 picture for test
EdgeFeatureGraphCRF
Training time = 605.9s
Results using input features for edges
Test accuracy: 0.920
[[5633   37   37   39   37   38   32   29   37   47   49]
 [  14   85    1    0    0    0    0    0    0    0    0]
 [  13    0   85    1    0    0    0    0    0    1    0]
 [  12    0    0   82    1    3    1    1    0    0    0]
 [  12    0    0    0   79    1    7    1    0    0    0]
 [  11    2    0    2    1   77    0    6    1    0    0]
 [   9    0    3    1    2    1   79    0    5    0    0]
 [   9    0    0    3    1    2    1   81    0    3    0]
 [   8    0    0    0    3    1    2    1   84    0    1]
 [   9    0    0    0    0    3    1    2    1   84    0]
 [   7    0    0    0    0    0    3    1    1    1   87]]
