Please be patient. Learning will take 5-20 minutes.
Results using only directional features for edges
Test accuracy: 0.829
[[2750    0    0    0    0    0    0    0    0    0    0]
 [   0   98    0    0    1    0    0    0    1    0    0]
 [   0    6   38    3   34    8    1    2    5    1    2]
 [   0    9    8   10    8   41    1   12    3    7    1]
 [   0    1   14    2   37    8    1    9   21    5    2]
 [   0    4    2    9   16   29    2   19   11    7    1]
 [   0    2   13    3   30   16    2    7   20    5    2]
 [   0    7    5    8   15   29    3   14    8   11    0]
 [   0    3   10    3   29   10    1    6   20    3   15]
 [   0    9    3    2   10    8    0   15    4   46    3]
 [   0    2    7    3    9    1    1    3    7    3   64]]
Results using also input features for edges
Test accuracy: 0.996
[[2749    0    0    0    0    0    0    0    1    0    0]
 [   0  100    0    0    0    0    0    0    0    0    0]
 [   0    0  100    0    0    0    0    0    0    0    0]
 [   0    0    0  100    0    0    0    0    0    0    0]
 [   0    0    0    0   98    0    1    0    1    0    0]
 [   0    0    0    2    0   98    0    0    0    0    0]
 [   0    0    0    0    2    0   98    0    0    0    0]
 [   0    1    0    0    0    2    0   97    0    0    0]
 [   0    0    1    0    0    0    1    0   98    0    0]
 [   0    0    0    1    0    0    0    0    0   99    0]
 [   0    0    0    0    1    0    0    0    0    0   99]]
