Please be patient. Learning will take 5-20 minutes.
200 picture for training
100 picture for test
- TRAINING ONLY WITH DIRECTIONAL EDGE FEATURES -----
Model EdgeFeatureGraphCRF fitted. 131.3s
- Results using only directional features for edges. 131.3s
	( predict DONE IN 0.8s)
[[2750    0    0    0    0    0    0    0    0    0    0]
 [   0  100    0    0    0    0    0    0    0    0    0]
 [   0    0   59    0   22    4    6    1    7    1    0]
 [   0    3    1   29    5   31    8   18    1    3    1]
 [   0    1   13    2   30   11   25    1   13    3    1]
 [   0    1    1    9    4   46   11   15    3    9    1]
 [   0    1    7    2   24   10   21    7   23    2    3]
 [   0    0    1    6    7   35   10   17    3   21    0]
 [   0    0    7    2   14   10   16    4   25    0   22]
 [   0    0    0    3    7   14    4   12    2   58    0]
 [   0    0    5    3   11    3    7    0    5    0   66]]
	trace   = 3201
	Accuracy= 0.854
- Result with binarized graph
	( predict DONE IN 0.8s)
[[2750    0    0    0    0    0    0    0    0    0    0]
 [   0  100    0    0    0    0    0    0    0    0    0]
 [   0    0   59    0   22    4    6    1    7    1    0]
 [   0    3    1   29    5   31    8   18    1    3    1]
 [   0    1   13    2   30   11   25    1   13    3    1]
 [   0    1    1    9    4   46   11   15    3    9    1]
 [   0    1    7    2   24   10   21    7   23    2    3]
 [   0    0    1    6    7   35   10   17    3   21    0]
 [   0    0    7    2   14   10   16    4   25    0   22]
 [   0    0    0    3    7   14    4   12    2   58    0]
 [   0    0    5    3   11    3    7    0    5    0   66]]
	trace   = 3201
	Accuracy= 0.854
- Results of inference under constraints
	( predict DONE IN 0.8s)
[[2750    0    0    0    0    0    0    0    0    0    0]
 [   0  100    0    0    0    0    0    0    0    0    0]
 [   0    0   59    0   22    4    6    1    7    1    0]
 [   0    3    1   29    5   31    8   18    1    3    1]
 [   0    1   13    2   30   11   25    1   13    3    1]
 [   0    1    1    9    4   46   11   15    3    9    1]
 [   0    1    7    2   24   10   21    7   23    2    3]
 [   0    0    1    6    7   35   10   17    3   21    0]
 [   0    0    7    2   14   10   16    4   25    0   22]
 [   0    0    0    3    7   14    4   12    2   58    0]
 [   0    0    5    3   11    3    7    0    5    0   66]]
	trace   = 3201
	Accuracy= 0.854
- NOW TRAINING WITH BETTER EDGE FEATURES -----
Model EdgeFeatureGraphCRF fitted. 740.4s
- Results using also input features for edges. 740.4s
	( predict DONE IN 1.0s)
[[2749    0    0    0    0    0    0    0    1    0    0]
 [   0  100    0    0    0    0    0    0    0    0    0]
 [   0    0  100    0    0    0    0    0    0    0    0]
 [   0    0    0  100    0    0    0    0    0    0    0]
 [   0    0    0    0   98    0    1    0    1    0    0]
 [   0    0    0    2    0   98    0    0    0    0    0]
 [   0    0    0    0    2    0   98    0    0    0    0]
 [   0    1    0    0    0    2    0   97    0    0    0]
 [   0    0    1    0    0    0    1    0   98    0    0]
 [   0    0    0    1    0    0    0    0    0   99    0]
 [   0    0    0    0    1    0    0    0    0    0   99]]
	trace   = 3736
	Accuracy= 0.996
- Result with binarized graph
	( predict DONE IN 1.0s)
[[2749    0    0    0    0    0    0    0    1    0    0]
 [   0  100    0    0    0    0    0    0    0    0    0]
 [   0    0  100    0    0    0    0    0    0    0    0]
 [   0    0    0  100    0    0    0    0    0    0    0]
 [   0    0    0    0   98    0    1    0    1    0    0]
 [   0    0    0    2    0   98    0    0    0    0    0]
 [   0    0    0    0    2    0   98    0    0    0    0]
 [   0    1    0    0    0    2    0   97    0    0    0]
 [   0    0    1    0    0    0    1    0   98    0    0]
 [   0    0    0    1    0    0    0    0    0   99    0]
 [   0    0    0    0    1    0    0    0    0    0   99]]
	trace   = 3736
	Accuracy= 0.996
- Results of inference under constraints
	( predict DONE IN 1.0s)
[[2749    0    0    0    0    0    0    0    1    0    0]
 [   0  100    0    0    0    0    0    0    0    0    0]
 [   0    0  100    0    0    0    0    0    0    0    0]
 [   0    0    0  100    0    0    0    0    0    0    0]
 [   0    0    0    0   98    0    1    0    1    0    0]
 [   0    0    0    2    0   98    0    0    0    0    0]
 [   0    0    0    0    2    0   98    0    0    0    0]
 [   0    1    0    0    0    2    0   97    0    0    0]
 [   0    0    1    0    0    0    1    0   98    0    0]
 [   0    0    0    1    0    0    0    0    0   99    0]
 [   0    0    0    0    1    0    0    0    0    0   99]]
	trace   = 3736
	Accuracy= 0.996
